<?xml version="1.0" encoding="UTF-8"?>
<!-- Generated by org.testng.reporters.JUnitReportReporter -->
<testsuite skipped="0" hostname="DESKTOP-23AEDGJ" name="com.qa.assignments.tests.Assignment4" tests="4" failures="0" timestamp="31 Jan 2020 12:37:30 GMT" time="11.820" errors="0">
  <testcase name="verifySearchProduct" time="3.185" classname="com.qa.assignments.tests.Assignment4"/>
  <testcase name="resultscount" time="0.029" classname="com.qa.assignments.tests.Assignment4"/>
  <testcase name="displayProduct" time="0.027" classname="com.qa.assignments.tests.Assignment4"/>
  <testcase name="displayAllProducts" time="8.579" classname="com.qa.assignments.tests.Assignment4"/>
</testsuite> <!-- com.qa.assignments.tests.Assignment4 -->
