<?xml version="1.0" encoding="UTF-8"?>
<!-- Generated by org.testng.reporters.JUnitReportReporter -->
<testsuite skipped="0" hostname="DESKTOP-23AEDGJ" name="com.qa.assignments.tests.Assignment5" tests="1" failures="0" timestamp="04 Feb 2020 08:50:46 GMT" time="38.322" errors="0">
  <testcase name="verifyLogin" time="38.322" classname="com.qa.assignments.tests.Assignment5"/>
</testsuite> <!-- com.qa.assignments.tests.Assignment5 -->
