<?xml version="1.0" encoding="UTF-8"?>
<!-- Generated by org.testng.reporters.JUnitReportReporter -->
<testsuite skipped="0" hostname="DESKTOP-23AEDGJ" name="com.qa.assignments.tests.Assignment1" tests="2" failures="0" timestamp="31 Jan 2020 09:05:20 GMT" time="8.005" errors="0">
  <testcase name="verifyPageTitle" time="0.008" classname="com.qa.assignments.tests.Assignment1"/>
  <testcase name="navigationBackAndForth" time="7.997" classname="com.qa.assignments.tests.Assignment1"/>
</testsuite> <!-- com.qa.assignments.tests.Assignment1 -->
