<?xml version="1.0" encoding="UTF-8"?>
<!-- Generated by org.testng.reporters.JUnitReportReporter -->
<testsuite skipped="0" hostname="DESKTOP-23AEDGJ" name="com.qa.assignments.pages.QATechHubHomePage" tests="2" failures="0" timestamp="31 Jan 2020 06:04:51 GMT" time="6.273" errors="0">
  <testcase name="verifyPageTitle" time="0.008" classname="com.qa.assignments.pages.QATechHubHomePage"/>
  <testcase name="navigateToFB" time="6.265" classname="com.qa.assignments.pages.QATechHubHomePage"/>
</testsuite> <!-- com.qa.assignments.pages.QATechHubHomePage -->
