<?xml version="1.0" encoding="UTF-8"?>
<!-- Generated by org.testng.reporters.JUnitReportReporter -->
<testsuite skipped="0" hostname="DESKTOP-23AEDGJ" name="com.qa.assignments.tests.Assignment3" tests="2" failures="0" timestamp="31 Jan 2020 10:40:28 GMT" time="16.527" errors="0">
  <testcase name="getLinksCount" time="0.094" classname="com.qa.assignments.tests.Assignment3"/>
  <testcase name="printLinksWithText" time="16.433" classname="com.qa.assignments.tests.Assignment3"/>
</testsuite> <!-- com.qa.assignments.tests.Assignment3 -->
